[tmp0.cmm]
==========================
     1	int main()
     2	{
     3	    int a;
     4	    a=1;
     5	}
--------------------------
[parser output]

Program (1)
└─ExtDefList (1)
  └─ExtDef (1)
    ├─Specifier (1)
    │ └─TYPE
    ├─FunDec (1)
    │ ├─ID : main
    │ ├─LP
    │ └─RP
    └─CompSt (2)
      ├─LC
      ├─DefList (3)
      │ └─Def (3)
      │   ├─Specifier (3)
      │   │ └─TYPE
      │   ├─DecList (3)
      │   │ └─Dec (3)
      │   │   └─VarDec (3)
      │   │     └─ID : a
      │   └─SEMI
      ├─StmtList (4)
      │ └─Stmt (4)
      │   ├─Exp (4)
      │   │ ├─Exp (4)
      │   │ │ └─ID : a
      │   │ ├─ASSIGNOP
      │   │ └─Exp (4)
      │   │   └─INT : 1
      │   └─SEMI
      └─RC

==========================


[tmp1.cmm]
==========================
     1	int main(int argv)
     2	{
     3	    int a;
     4	    a = 1 + 1;
     5	}
--------------------------
[parser output]

Program (1)
└─ExtDefList (1)
  └─ExtDef (1)
    ├─Specifier (1)
    │ └─TYPE
    ├─FunDec (1)
    │ ├─ID : main
    │ ├─LP
    │ ├─VarList (1)
    │ │ └─VarList (1)
    │ │   ├─Specifier (1)
    │ │   │ └─TYPE
    │ │   └─VarDec (1)
    │ │     └─ID : argv
    │ └─RP
    └─CompSt (2)
      ├─LC
      ├─DefList (3)
      │ └─Def (3)
      │   ├─Specifier (3)
      │   │ └─TYPE
      │   ├─DecList (3)
      │   │ └─Dec (3)
      │   │   └─VarDec (3)
      │   │     └─ID : a
      │   └─SEMI
      ├─StmtList (4)
      │ └─Stmt (4)
      │   ├─Exp (4)
      │   │ ├─Exp (4)
      │   │ │ └─ID : a
      │   │ ├─ASSIGNOP
      │   │ └─Exp (4)
      │   │   ├─Exp (4)
      │   │   │ └─INT : 1
      │   │   ├─PLUS
      │   │   └─Exp (4)
      │   │     └─INT : 1
      │   └─SEMI
      └─RC

==========================


[tmp2.cmm]
==========================
     1	int main(*)
     2	{
     3	    int a;
     4	    a = 1 + 1;
     5	}
     6	int yy(*)
     7	{
     8	    int a;
     9	}
--------------------------
[parser output]

Error type B at Line 1: syntax error
Discription: Wrong args.
Error type B at Line 6: syntax error
Discription: Wrong args.

==========================


[tmp3.cmm]
==========================
     1	int main(){
     2		float a[0xg][2];
     3		float a[10][2]
     4		int a[1;
     5		int i;
     6		a[5,3] = 1.5e;
     7		s = a[1] == 0;
     8		if(a[1][2] == 0;) i = 1 else i = 0; 
     9	}

--------------------------
[parser output]

Error type A at Line 2: "0xg" is not a correct int value.
Error type B at Line 4: syntax error
Discription: Missing ';'
Error type B at Line 4: syntax error
Discription: Missing ']'
Error type B at Line 6: syntax error
Discription: Wrong index.
Error type A at Line 6: "1.5e" is not a correct float value.
Error type B at Line 8: syntax error
Error type B at Line 8: syntax error
Discription: Missing ';'
Discription: Wrong expression.

==========================


[tmp4.cmm]
==========================
     1	int main()
     2	{
     3	    // line comment
     4	    /*
     5	    block comment
     6	    */
     7	    int i = 1;
     8	}
--------------------------
[parser output]

Program (1)
└─ExtDefList (1)
  └─ExtDef (1)
    ├─Specifier (1)
    │ └─TYPE
    ├─FunDec (1)
    │ ├─ID : main
    │ ├─LP
    │ └─RP
    └─CompSt (2)
      ├─LC
      ├─DefList (7)
      │ └─Def (7)
      │   ├─Specifier (7)
      │   │ └─TYPE
      │   ├─DecList (7)
      │   │ └─Dec (7)
      │   │   ├─VarDec (7)
      │   │   │ └─ID : i
      │   │   ├─ASSIGNOP
      │   │   └─Exp (7)
      │   │     └─INT : 1
      │   └─SEMI
      └─RC

==========================


[tmp5.cmm]
==========================
     1	int main()
     2	{
     3	    /*
     4	    comment
     5	    /*
     6	    nested comment
     7	    */
     8	    */
     9	    int i = 1;
    10	}
--------------------------
[parser output]

Error type B at Line 7: Not a legal multiline comment
Error type B at Line 8: syntax error
Discription: Error ExtDef.

==========================


[tmp6.cmm]
==========================
     1	int main()
     2	{
     3	    int i = 09;
     4	    int j = 0x3G;
     5	    int k = ~i;
     6	}
--------------------------
[parser output]

Error type A at Line 3: "09" is not a correct int value.
Error type A at Line 4: "0x3G" is not a correct int value.
Error type A at Line 5: Mysterious characters '~'

==========================


[tmp7.cmm]
==========================
     1	int main()
     2	{
     3	    float i = 1.05e-4;
     4	}
--------------------------
[parser output]

Program (1)
└─ExtDefList (1)
  └─ExtDef (1)
    ├─Specifier (1)
    │ └─TYPE
    ├─FunDec (1)
    │ ├─ID : main
    │ ├─LP
    │ └─RP
    └─CompSt (2)
      ├─LC
      ├─DefList (3)
      │ └─Def (3)
      │   ├─Specifier (3)
      │   │ └─TYPE
      │   ├─DecList (3)
      │   │ └─Dec (3)
      │   │   ├─VarDec (3)
      │   │   │ └─ID : i
      │   │   ├─ASSIGNOP
      │   │   └─Exp (3)
      │   │     └─FLOAT : 0.000105
      │   └─SEMI
      └─RC

==========================


[tmp8.cmm]
==========================
     1	int main()
     2	{
     3	    int i = 0123;
     4	    int j = 0x3F;
     5	}
--------------------------
[parser output]

Program (1)
└─ExtDefList (1)
  └─ExtDef (1)
    ├─Specifier (1)
    │ └─TYPE
    ├─FunDec (1)
    │ ├─ID : main
    │ ├─LP
    │ └─RP
    └─CompSt (2)
      ├─LC
      ├─DefList (3)
      │ ├─Def (3)
      │ │ ├─Specifier (3)
      │ │ │ └─TYPE
      │ │ ├─DecList (3)
      │ │ │ └─Dec (3)
      │ │ │   ├─VarDec (3)
      │ │ │   │ └─ID : i
      │ │ │   ├─ASSIGNOP
      │ │ │   └─Exp (3)
      │ │ │     └─INT : 83
      │ │ └─SEMI
      │ └─DefList (4)
      │   └─Def (4)
      │     ├─Specifier (4)
      │     │ └─TYPE
      │     ├─DecList (4)
      │     │ └─Dec (4)
      │     │   ├─VarDec (4)
      │     │   │ └─ID : j
      │     │   ├─ASSIGNOP
      │     │   └─Exp (4)
      │     │     └─INT : 63
      │     └─SEMI
      └─RC

==========================


[tmp9.cmm]
==========================
     1	struct Complex
     2	{
     3	    float real, image;
     4	};
     5	int main()
     6	{
     7	    struct Complex x;
     8	    y.image = 3.5;
     9	}
--------------------------
[parser output]

Program (1)
└─ExtDefList (1)
  ├─ExtDef (1)
  │ ├─Specifier (1)
  │ │ └─StructSpecifier (1)
  │ │   ├─STRUCT
  │ │   ├─OptTag (1)
  │ │   │ └─ID : Complex
  │ │   ├─LC
  │ │   ├─DefList (3)
  │ │   │ └─Def (3)
  │ │   │   ├─Specifier (3)
  │ │   │   │ └─TYPE
  │ │   │   ├─DecList (3)
  │ │   │   │ ├─Dec (3)
  │ │   │   │ │ └─VarDec (3)
  │ │   │   │ │   └─ID : real
  │ │   │   │ ├─COMMA
  │ │   │   │ └─DecList (3)
  │ │   │   │   └─Dec (3)
  │ │   │   │     └─VarDec (3)
  │ │   │   │       └─ID : image
  │ │   │   └─SEMI
  │ │   └─RC
  │ └─SEMI
  └─ExtDefList (5)
    └─ExtDef (5)
      ├─Specifier (5)
      │ └─TYPE
      ├─FunDec (5)
      │ ├─ID : main
      │ ├─LP
      │ └─RP
      └─CompSt (6)
        ├─LC
        ├─DefList (7)
        │ └─Def (7)
        │   ├─Specifier (7)
        │   │ └─StructSpecifier (7)
        │   │   ├─STRUCT
        │   │   └─Tag (7)
        │   │     └─ID : Complex
        │   ├─DecList (7)
        │   │ └─Dec (7)
        │   │   └─VarDec (7)
        │   │     └─ID : x
        │   └─SEMI
        ├─StmtList (8)
        │ └─Stmt (8)
        │   ├─Exp (8)
        │   │ ├─Exp (8)
        │   │ │ ├─Exp (8)
        │   │ │ │ └─ID : y
        │   │ │ ├─DOT
        │   │ │ └─ID : image
        │   │ ├─ASSIGNOP
        │   │ └─Exp (8)
        │   │   └─FLOAT : 3.500000
        │   └─SEMI
        └─RC

==========================


